[2025-05-09 20:18:34] Failed to load environment configuration
Context: {
    "env_file_path": "C:\\xampp\\htdocs\\apsdreamhomefinal\\includes\/config\/.env"
}
[2025-05-09 20:18:34] Database Connection Error
Context: {
    "error_message": "Environment configuration failed",
    "trace": "#0 C:\\xampp\\htdocs\\apsdreamhomefinal\\admin\\dashboard.php(258): getDbConnection()\n#1 {main}"
}
[2025-05-09 20:18:36] Failed to load environment configuration
Context: {
    "env_file_path": "C:\\xampp\\htdocs\\apsdreamhomefinal\\includes\/config\/.env"
}
[2025-05-09 20:18:36] Database Connection Error
Context: {
    "error_message": "Environment configuration failed",
    "trace": "#0 C:\\xampp\\htdocs\\apsdreamhomefinal\\admin\\dashboard.php(258): getDbConnection()\n#1 {main}"
}
[2025-05-09 20:18:38] Failed to load environment configuration
Context: {
    "env_file_path": "C:\\xampp\\htdocs\\apsdreamhomefinal\\includes\/config\/.env"
}
[2025-05-09 20:18:38] Database Connection Error
Context: {
    "error_message": "Environment configuration failed",
    "trace": "#0 C:\\xampp\\htdocs\\apsdreamhomefinal\\admin\\dashboard.php(258): getDbConnection()\n#1 {main}"
}
[2025-05-09 20:19:57] Failed to load environment configuration
Context: {
    "env_file_path": "C:\\xampp\\htdocs\\apsdreamhomefinal\\includes\/config\/.env"
}
[2025-05-09 20:19:57] Database Connection Error
Context: {
    "error_message": "Environment configuration failed",
    "trace": "#0 C:\\xampp\\htdocs\\apsdreamhomefinal\\admin\\dashboard.php(258): getDbConnection()\n#1 {main}"
}
[2025-05-09 20:19:59] Failed to load environment configuration
Context: {
    "env_file_path": "C:\\xampp\\htdocs\\apsdreamhomefinal\\includes\/config\/.env"
}
[2025-05-09 20:19:59] Database Connection Error
Context: {
    "error_message": "Environment configuration failed",
    "trace": "#0 C:\\xampp\\htdocs\\apsdreamhomefinal\\admin\\dashboard.php(258): getDbConnection()\n#1 {main}"
}
[2025-05-09 20:20:01] Failed to load environment configuration
Context: {
    "env_file_path": "C:\\xampp\\htdocs\\apsdreamhomefinal\\includes\/config\/.env"
}
[2025-05-09 20:20:01] Database Connection Error
Context: {
    "error_message": "Environment configuration failed",
    "trace": "#0 C:\\xampp\\htdocs\\apsdreamhomefinal\\admin\\dashboard.php(258): getDbConnection()\n#1 {main}"
}
[2025-05-09 20:22:28] Failed to load environment configuration
Context: {
    "env_file_path": "C:\\xampp\\htdocs\\apsdreamhomefinal\\includes\/config\/.env"
}
[2025-05-09 20:22:28] Database Connection Error
Context: {
    "error_message": "Environment configuration failed",
    "trace": "#0 C:\\xampp\\htdocs\\apsdreamhomefinal\\admin\\dashboard.php(258): getDbConnection()\n#1 {main}"
}
[2025-05-09 20:22:29] Failed to load environment configuration
Context: {
    "env_file_path": "C:\\xampp\\htdocs\\apsdreamhomefinal\\includes\/config\/.env"
}
[2025-05-09 20:22:29] Database Connection Error
Context: {
    "error_message": "Environment configuration failed",
    "trace": "#0 C:\\xampp\\htdocs\\apsdreamhomefinal\\admin\\dashboard.php(258): getDbConnection()\n#1 {main}"
}
[2025-05-09 20:22:30] Failed to load environment configuration
Context: {
    "env_file_path": "C:\\xampp\\htdocs\\apsdreamhomefinal\\includes\/config\/.env"
}
[2025-05-09 20:22:30] Database Connection Error
Context: {
    "error_message": "Environment configuration failed",
    "trace": "#0 C:\\xampp\\htdocs\\apsdreamhomefinal\\admin\\dashboard.php(258): getDbConnection()\n#1 {main}"
}
[2025-05-09 20:23:05] Failed to load environment configuration
Context: {
    "env_file_path": "C:\\xampp\\htdocs\\apsdreamhomefinal\\includes\/config\/.env"
}
[2025-05-09 20:23:05] Database Connection Error
Context: {
    "error_message": "Environment configuration failed",
    "trace": "#0 C:\\xampp\\htdocs\\apsdreamhomefinal\\admin\\dashboard.php(258): getDbConnection()\n#1 {main}"
}
[2025-05-09 20:23:07] Failed to load environment configuration
Context: {
    "env_file_path": "C:\\xampp\\htdocs\\apsdreamhomefinal\\includes\/config\/.env"
}
[2025-05-09 20:23:07] Database Connection Error
Context: {
    "error_message": "Environment configuration failed",
    "trace": "#0 C:\\xampp\\htdocs\\apsdreamhomefinal\\admin\\dashboard.php(258): getDbConnection()\n#1 {main}"
}
[2025-05-09 20:23:46] Failed to load environment configuration
Context: {
    "env_file_path": "C:\\xampp\\htdocs\\apsdreamhomefinal\\includes\/config\/.env"
}
[2025-05-09 20:23:46] Database Connection Error
Context: {
    "error_message": "Environment configuration failed",
    "trace": "#0 C:\\xampp\\htdocs\\apsdreamhomefinal\\admin\\dashboard.php(258): getDbConnection()\n#1 {main}"
}
[2025-05-09 20:23:48] Failed to load environment configuration
Context: {
    "env_file_path": "C:\\xampp\\htdocs\\apsdreamhomefinal\\includes\/config\/.env"
}
[2025-05-09 20:23:48] Database Connection Error
Context: {
    "error_message": "Environment configuration failed",
    "trace": "#0 C:\\xampp\\htdocs\\apsdreamhomefinal\\admin\\dashboard.php(258): getDbConnection()\n#1 {main}"
}
[2025-05-09 20:23:49] Failed to load environment configuration
Context: {
    "env_file_path": "C:\\xampp\\htdocs\\apsdreamhomefinal\\includes\/config\/.env"
}
[2025-05-09 20:23:49] Database Connection Error
Context: {
    "error_message": "Environment configuration failed",
    "trace": "#0 C:\\xampp\\htdocs\\apsdreamhomefinal\\admin\\dashboard.php(258): getDbConnection()\n#1 {main}"
}
[2025-05-09 20:24:39] Failed to load environment configuration
Context: {
    "env_file_path": "C:\\xampp\\htdocs\\apsdreamhomefinal\\includes\/config\/.env"
}
[2025-05-09 20:24:39] Database Connection Error
Context: {
    "error_message": "Environment configuration failed",
    "trace": "#0 C:\\xampp\\htdocs\\apsdreamhomefinal\\admin\\dashboard.php(258): getDbConnection()\n#1 {main}"
}
[2025-05-09 20:24:44] Failed to load environment configuration
Context: {
    "env_file_path": "C:\\xampp\\htdocs\\apsdreamhomefinal\\includes\/config\/.env"
}
[2025-05-09 20:24:44] Database Connection Error
Context: {
    "error_message": "Environment configuration failed",
    "trace": "#0 C:\\xampp\\htdocs\\apsdreamhomefinal\\admin\\dashboard.php(258): getDbConnection()\n#1 {main}"
}
[2025-05-09 20:24:48] Failed to load environment configuration
Context: {
    "env_file_path": "C:\\xampp\\htdocs\\apsdreamhomefinal\\includes\/config\/.env"
}
[2025-05-09 20:24:48] Database Connection Error
Context: {
    "error_message": "Environment configuration failed",
    "trace": "#0 C:\\xampp\\htdocs\\apsdreamhomefinal\\admin\\dashboard.php(258): getDbConnection()\n#1 {main}"
}
[2025-05-09 20:24:50] Failed to load environment configuration
Context: {
    "env_file_path": "C:\\xampp\\htdocs\\apsdreamhomefinal\\includes\/config\/.env"
}
[2025-05-09 20:24:50] Database Connection Error
Context: {
    "error_message": "Environment configuration failed",
    "trace": "#0 C:\\xampp\\htdocs\\apsdreamhomefinal\\admin\\dashboard.php(258): getDbConnection()\n#1 {main}"
}
[2025-05-09 20:24:53] Failed to load environment configuration
Context: {
    "env_file_path": "C:\\xampp\\htdocs\\apsdreamhomefinal\\includes\/config\/.env"
}
[2025-05-09 20:24:53] Database Connection Error
Context: {
    "error_message": "Environment configuration failed",
    "trace": "#0 C:\\xampp\\htdocs\\apsdreamhomefinal\\admin\\dashboard.php(258): getDbConnection()\n#1 {main}"
}
[2025-05-09 20:24:55] Failed to load environment configuration
Context: {
    "env_file_path": "C:\\xampp\\htdocs\\apsdreamhomefinal\\includes\/config\/.env"
}
[2025-05-09 20:24:55] Database Connection Error
Context: {
    "error_message": "Environment configuration failed",
    "trace": "#0 C:\\xampp\\htdocs\\apsdreamhomefinal\\admin\\dashboard.php(258): getDbConnection()\n#1 {main}"
}
[2025-05-09 20:26:25] Failed to load environment configuration
Context: {
    "env_file_path": "C:\\xampp\\htdocs\\apsdreamhomefinal\\includes\/config\/.env"
}
[2025-05-09 20:26:25] Database Connection Error
Context: {
    "error_message": "Environment configuration failed",
    "trace": "#0 C:\\xampp\\htdocs\\apsdreamhomefinal\\admin\\dashboard.php(258): getDbConnection()\n#1 {main}"
}
[2025-05-09 20:26:27] Failed to load environment configuration
Context: {
    "env_file_path": "C:\\xampp\\htdocs\\apsdreamhomefinal\\includes\/config\/.env"
}
[2025-05-09 20:26:27] Database Connection Error
Context: {
    "error_message": "Environment configuration failed",
    "trace": "#0 C:\\xampp\\htdocs\\apsdreamhomefinal\\admin\\dashboard.php(258): getDbConnection()\n#1 {main}"
}
[2025-05-09 20:26:50] Failed to load environment configuration
Context: {
    "env_file_path": "C:\\xampp\\htdocs\\apsdreamhomefinal\\includes\/config\/.env"
}
[2025-05-09 20:26:50] Database Connection Error
Context: {
    "error_message": "Environment configuration failed",
    "trace": "#0 C:\\xampp\\htdocs\\apsdreamhomefinal\\admin\\dashboard.php(258): getDbConnection()\n#1 {main}"
}
[2025-05-09 20:31:46] Failed to load environment configuration
Context: {
    "env_file_path": "C:\\xampp\\htdocs\\apsdreamhomefinal\\includes\/config\/.env"
}
[2025-05-09 20:31:46] Database Connection Error
Context: {
    "error_message": "Environment configuration failed",
    "trace": "#0 C:\\xampp\\htdocs\\apsdreamhomefinal\\admin\\dashboard.php(258): getDbConnection()\n#1 {main}"
}
[2025-05-09 20:31:49] Failed to load environment configuration
Context: {
    "env_file_path": "C:\\xampp\\htdocs\\apsdreamhomefinal\\includes\/config\/.env"
}
[2025-05-09 20:31:49] Database Connection Error
Context: {
    "error_message": "Environment configuration failed",
    "trace": "#0 C:\\xampp\\htdocs\\apsdreamhomefinal\\admin\\dashboard.php(258): getDbConnection()\n#1 {main}"
}
[2025-05-09 20:31:53] Failed to load environment configuration
Context: {
    "env_file_path": "C:\\xampp\\htdocs\\apsdreamhomefinal\\includes\/config\/.env"
}
[2025-05-09 20:31:53] Database Connection Error
Context: {
    "error_message": "Environment configuration failed",
    "trace": "#0 C:\\xampp\\htdocs\\apsdreamhomefinal\\admin\\dashboard.php(258): getDbConnection()\n#1 {main}"
}
[2025-05-09 20:31:55] Failed to load environment configuration
Context: {
    "env_file_path": "C:\\xampp\\htdocs\\apsdreamhomefinal\\includes\/config\/.env"
}
[2025-05-09 20:31:55] Database Connection Error
Context: {
    "error_message": "Environment configuration failed",
    "trace": "#0 C:\\xampp\\htdocs\\apsdreamhomefinal\\admin\\dashboard.php(258): getDbConnection()\n#1 {main}"
}
[2025-05-09 20:37:48] Failed to load environment configuration
Context: {
    "env_file_path": "C:\\xampp\\htdocs\\apsdreamhomefinal\\includes\/config\/.env"
}
[2025-05-09 20:37:48] Database Connection Error
Context: {
    "error_message": "Environment configuration failed",
    "trace": "#0 C:\\xampp\\htdocs\\apsdreamhomefinal\\system_health_check.php(39): getDbConnection()\n#1 C:\\xampp\\htdocs\\apsdreamhomefinal\\system_health_check.php(26): SystemHealthCheck->checkDatabaseConnection()\n#2 C:\\xampp\\htdocs\\apsdreamhomefinal\\system_health_check.php(100): SystemHealthCheck->runHealthCheck()\n#3 {main}"
}
[2025-05-09 20:38:31] Failed to load environment configuration
Context: {
    "env_file_path": "C:\\xampp\\htdocs\\apsdreamhomefinal\\includes\/config\/.env"
}
[2025-05-09 20:38:31] Database Connection Error
Context: {
    "error_message": "Environment configuration failed",
    "trace": "#0 C:\\xampp\\htdocs\\apsdreamhomefinal\\admin\\dashboard.php(258): getDbConnection()\n#1 {main}"
}
[2025-05-09 20:38:36] Failed to load environment configuration
Context: {
    "env_file_path": "C:\\xampp\\htdocs\\apsdreamhomefinal\\includes\/config\/.env"
}
[2025-05-09 20:38:36] Database Connection Error
Context: {
    "error_message": "Environment configuration failed",
    "trace": "#0 C:\\xampp\\htdocs\\apsdreamhomefinal\\admin\\dashboard.php(258): getDbConnection()\n#1 {main}"
}
[2025-05-09 20:38:37] Failed to load environment configuration
Context: {
    "env_file_path": "C:\\xampp\\htdocs\\apsdreamhomefinal\\includes\/config\/.env"
}
[2025-05-09 20:38:37] Database Connection Error
Context: {
    "error_message": "Environment configuration failed",
    "trace": "#0 C:\\xampp\\htdocs\\apsdreamhomefinal\\admin\\dashboard.php(258): getDbConnection()\n#1 {main}"
}
[2025-05-09 21:56:01] Database Connection Error
Context: {
    "error_message": "No connection could be made because the target machine actively refused it",
    "trace": "#0 C:\\xampp\\htdocs\\apsdreamhomefinal\\includes\\db_connection.php(108): mysqli->__construct('localhost', 'root', Object(SensitiveParameterValue), 'apsdreamhome')\n#1 C:\\xampp\\htdocs\\apsdreamhomefinal\\admin\\dashboard.php(258): getDbConnection()\n#2 {main}"
}
[2025-05-27 14:51:20] Database Connection Error
Context: {
    "error_message": "Access denied for user 'root'@'localhost' (using password: YES)",
    "trace": "#0 C:\\xampp\\htdocs\\apsdreamhomefinal\\includes\\db_connection.php(108): mysqli->__construct('localhost', 'root', Object(SensitiveParameterValue), 'apsdreamhomefin...')\n#1 C:\\xampp\\htdocs\\apsdreamhomefinal\\admin\\test_admin.php(47): getDbConnection()\n#2 C:\\xampp\\htdocs\\apsdreamhomefinal\\admin\\test_admin.php(120): checkDatabase()\n#3 {main}"
}
[2025-05-27 14:52:22] Database Connection Error
Context: {
    "error_message": "Access denied for user 'root'@'localhost' (using password: YES)",
    "trace": "#0 C:\\xampp\\htdocs\\apsdreamhomefinal\\includes\\db_connection.php(108): mysqli->__construct('localhost', 'root', Object(SensitiveParameterValue), 'apsdreamhomefin...')\n#1 C:\\xampp\\htdocs\\apsdreamhomefinal\\admin\\dashboard.php(83): getDbConnection()\n#2 {main}"
}
[2025-05-27 14:53:26] Failed to load environment configuration
Context: {
    "env_file_path": "C:\\xampp\\htdocs\\apsdreamhomefinal\\includes\/config\/.env"
}
[2025-05-27 14:53:26] Database Connection Error
Context: {
    "error_message": "Environment configuration failed",
    "trace": "#0 C:\\xampp\\htdocs\\apsdreamhomefinal\\admin\\dashboard.php(83): getDbConnection()\n#1 {main}"
}
[2025-05-27 14:53:50] Failed to load environment configuration
Context: {
    "env_file_path": "C:\\xampp\\htdocs\\apsdreamhomefinal\\includes\/config\/.env"
}
[2025-05-27 14:53:50] Database Connection Error
Context: {
    "error_message": "Environment configuration failed",
    "trace": "#0 C:\\xampp\\htdocs\\apsdreamhomefinal\\admin\\test_admin.php(47): getDbConnection()\n#1 C:\\xampp\\htdocs\\apsdreamhomefinal\\admin\\test_admin.php(120): checkDatabase()\n#2 {main}"
}
