[24-Mar-2026 05:12:09 UTC] PHP Warning:  session_start(): Session cannot be started after headers have already been sent in C:\xampp\htdocs\apsdreamhome\public\index.php on line 41
[24-Mar-2026 05:12:09 UTC] === INDEX: APS_ROOT = C:\xampp\htdocs\apsdreamhome ===
[24-Mar-2026 05:12:09 UTC] === INDEX: Router path = C:\xampp\htdocs\apsdreamhome/routes/router.php ===
[24-Mar-2026 05:12:09 UTC] ROUTER FILE: Loading router.php - C:\xampp\htdocs\apsdreamhome\routes\router.php
[24-Mar-2026 05:12:09 UTC] === INDEX: Creating router instance ===
[24-Mar-2026 05:12:09 UTC] === INDEX: Router created successfully ===
[24-Mar-2026 05:12:09 UTC] === INDEX: Including routes/web.php ===
[24-Mar-2026 05:12:09 UTC] ROUTER SETUP: Starting route registration
[24-Mar-2026 05:12:10 UTC] PHP Warning:  require_once(C:\xampp\htdocs\apsdreamhome\routes/core-functions.php): Failed to open stream: No such file or directory in C:\xampp\htdocs\apsdreamhome\routes\api.php on line 48
[24-Mar-2026 05:12:10 UTC] PHP Fatal error:  Uncaught Error: Failed opening required 'C:\xampp\htdocs\apsdreamhome\routes/core-functions.php' (include_path='.;C:\php\pear') in C:\xampp\htdocs\apsdreamhome\routes\api.php:48
Stack trace:
#0 C:\xampp\htdocs\apsdreamhome\routes\web.php(307): require_once()
#1 C:\xampp\htdocs\apsdreamhome\public\index.php(76): require_once('C:\\xampp\\htdocs...')
#2 {main}
  thrown in C:\xampp\htdocs\apsdreamhome\routes\api.php on line 48
[24-Mar-2026 05:24:31 UTC] === INDEX: APS_ROOT = C:\xampp\htdocs\apsdreamhome ===
[24-Mar-2026 05:24:31 UTC] === INDEX: Router path = C:\xampp\htdocs\apsdreamhome/routes/router.php ===
[24-Mar-2026 05:24:31 UTC] ROUTER FILE: Loading router.php - C:\xampp\htdocs\apsdreamhome\routes\router.php
[24-Mar-2026 05:24:31 UTC] === INDEX: Creating router instance ===
[24-Mar-2026 05:24:31 UTC] === INDEX: Router created successfully ===
[24-Mar-2026 05:24:31 UTC] === INDEX: Including routes/web.php ===
[24-Mar-2026 05:24:31 UTC] ROUTER SETUP: Starting route registration
[24-Mar-2026 05:24:32 UTC] PHP Warning:  require_once(C:\xampp\htdocs\apsdreamhome\routes/core-functions-new.php): Failed to open stream: No such file or directory in C:\xampp\htdocs\apsdreamhome\routes\api.php on line 66
[24-Mar-2026 05:24:32 UTC] PHP Fatal error:  Uncaught Error: Failed opening required 'C:\xampp\htdocs\apsdreamhome\routes/core-functions-new.php' (include_path='.;C:\php\pear') in C:\xampp\htdocs\apsdreamhome\routes\api.php:66
Stack trace:
#0 C:\xampp\htdocs\apsdreamhome\routes\web.php(307): require_once()
#1 C:\xampp\htdocs\apsdreamhome\public\index.php(76): require_once('C:\\xampp\\htdocs...')
#2 {main}
  thrown in C:\xampp\htdocs\apsdreamhome\routes\api.php on line 66
[24-Mar-2026 06:29:09 Europe/Berlin] === INDEX: APS_ROOT = C:\xampp\htdocs\apsdreamhome ===
[24-Mar-2026 06:29:09 Europe/Berlin] === INDEX: Router path = C:\xampp\htdocs\apsdreamhome/routes/router.php ===
[24-Mar-2026 06:29:09 Europe/Berlin] ROUTER FILE: Loading router.php - C:\xampp\htdocs\apsdreamhome\routes\router.php
[24-Mar-2026 06:29:09 Europe/Berlin] === INDEX: Creating router instance ===
[24-Mar-2026 06:29:09 Europe/Berlin] === INDEX: Router created successfully ===
[24-Mar-2026 06:29:09 Europe/Berlin] === INDEX: Including routes/web.php ===
[24-Mar-2026 06:29:09 Europe/Berlin] ROUTER SETUP: Starting route registration
[24-Mar-2026 06:29:09 Europe/Berlin] PHP Warning:  require_once(C:\xampp\htdocs\apsdreamhome\routes/core-functions-new.php): Failed to open stream: No such file or directory in C:\xampp\htdocs\apsdreamhome\routes\api.php on line 66
[24-Mar-2026 06:29:09 Europe/Berlin] PHP Fatal error:  Uncaught Error: Failed opening required 'C:\xampp\htdocs\apsdreamhome\routes/core-functions-new.php' (include_path='C:\xampp\php\PEAR') in C:\xampp\htdocs\apsdreamhome\routes\api.php:66
Stack trace:
#0 C:\xampp\htdocs\apsdreamhome\routes\web.php(307): require_once()
#1 C:\xampp\htdocs\apsdreamhome\public\index.php(76): require_once('C:\\xampp\\htdocs...')
#2 {main}
  thrown in C:\xampp\htdocs\apsdreamhome\routes\api.php on line 66
[24-Mar-2026 07:15:40 Europe/Berlin] === INDEX: APS_ROOT = C:\xampp\htdocs\apsdreamhome ===
[24-Mar-2026 07:15:40 Europe/Berlin] === INDEX: Router path = C:\xampp\htdocs\apsdreamhome/routes/router.php ===
[24-Mar-2026 07:15:40 Europe/Berlin] ROUTER FILE: Loading router.php - C:\xampp\htdocs\apsdreamhome\routes\router.php
[24-Mar-2026 07:15:40 Europe/Berlin] === INDEX: Creating router instance ===
[24-Mar-2026 07:15:40 Europe/Berlin] === INDEX: Router created successfully ===
[24-Mar-2026 07:15:40 Europe/Berlin] === INDEX: Including routes/web.php ===
[24-Mar-2026 07:15:40 Europe/Berlin] ROUTER SETUP: Starting route registration
[24-Mar-2026 07:15:40 Europe/Berlin] PHP Warning:  require_once(C:\xampp\htdocs\apsdreamhome\routes/core-functions-new.php): Failed to open stream: No such file or directory in C:\xampp\htdocs\apsdreamhome\routes\api.php on line 66
[24-Mar-2026 07:15:40 Europe/Berlin] PHP Fatal error:  Uncaught Error: Failed opening required 'C:\xampp\htdocs\apsdreamhome\routes/core-functions-new.php' (include_path='C:\xampp\php\PEAR') in C:\xampp\htdocs\apsdreamhome\routes\api.php:66
Stack trace:
#0 C:\xampp\htdocs\apsdreamhome\routes\web.php(307): require_once()
#1 C:\xampp\htdocs\apsdreamhome\public\index.php(76): require_once('C:\\xampp\\htdocs...')
#2 {main}
  thrown in C:\xampp\htdocs\apsdreamhome\routes\api.php on line 66
[24-Mar-2026 06:56:31 UTC] === INDEX: APS_ROOT = C:\xampp\htdocs\apsdreamhome ===
[24-Mar-2026 06:56:31 UTC] === INDEX: Router path = C:\xampp\htdocs\apsdreamhome/routes/router.php ===
[24-Mar-2026 06:56:31 UTC] ROUTER FILE: Loading router.php - C:\xampp\htdocs\apsdreamhome\routes\router.php
[24-Mar-2026 06:56:31 UTC] === INDEX: Creating router instance ===
[24-Mar-2026 06:56:31 UTC] === INDEX: Router created successfully ===
[24-Mar-2026 06:56:31 UTC] === INDEX: Including routes/web.php ===
[24-Mar-2026 06:56:31 UTC] ROUTER SETUP: Starting route registration
[24-Mar-2026 06:56:31 UTC] PHP Warning:  require_once(C:\xampp\htdocs\apsdreamhome\routes/core-functions-new.php): Failed to open stream: No such file or directory in C:\xampp\htdocs\apsdreamhome\routes\api.php on line 66
[24-Mar-2026 06:56:31 UTC] PHP Fatal error:  Uncaught Error: Failed opening required 'C:\xampp\htdocs\apsdreamhome\routes/core-functions-new.php' (include_path='.;C:\php\pear') in C:\xampp\htdocs\apsdreamhome\routes\api.php:66
Stack trace:
#0 C:\xampp\htdocs\apsdreamhome\routes\web.php(307): require_once()
#1 C:\xampp\htdocs\apsdreamhome\public\index.php(76): require_once('C:\\xampp\\htdocs...')
#2 {main}
  thrown in C:\xampp\htdocs\apsdreamhome\routes\api.php on line 66
[24-Mar-2026 07:06:22 UTC] === INDEX: APS_ROOT = C:\xampp\htdocs\apsdreamhome ===
[24-Mar-2026 07:06:22 UTC] === INDEX: Router path = C:\xampp\htdocs\apsdreamhome/routes/router.php ===
[24-Mar-2026 07:06:22 UTC] ROUTER FILE: Loading router.php - C:\xampp\htdocs\apsdreamhome\routes\router.php
[24-Mar-2026 07:06:22 UTC] === INDEX: Creating router instance ===
[24-Mar-2026 07:06:22 UTC] === INDEX: Router created successfully ===
[24-Mar-2026 07:06:22 UTC] === INDEX: Including routes/web.php ===
[24-Mar-2026 07:06:22 UTC] ROUTER SETUP: Starting route registration
[24-Mar-2026 07:06:22 UTC] === INDEX: Routes included successfully ===
[24-Mar-2026 07:06:22 UTC] PHP Warning:  Undefined array key "REQUEST_METHOD" in C:\xampp\htdocs\apsdreamhome\routes\router.php on line 73
[24-Mar-2026 07:06:22 UTC] PHP Warning:  Undefined array key "REQUEST_URI" in C:\xampp\htdocs\apsdreamhome\routes\router.php on line 76
[24-Mar-2026 07:06:22 UTC] PHP Deprecated:  parse_url(): Passing null to parameter #1 ($url) of type string is deprecated in C:\xampp\htdocs\apsdreamhome\routes\router.php on line 76
[24-Mar-2026 07:06:22 UTC] ROUTER DEBUG: Method: , URI: 
[24-Mar-2026 07:06:22 UTC] ROUTER DEBUG: Host: , Port: 
[24-Mar-2026 07:06:22 UTC] ROUTER DEBUG: Script name: index.php, Script path: /index.php
[24-Mar-2026 07:06:22 UTC] ROUTER DEBUG: Before slash processing - URI: 
[24-Mar-2026 07:06:22 UTC] ROUTER DEBUG: After all processing - Final URI: /
[24-Mar-2026 07:06:22 UTC] FINAL ROUTER URI: /
[24-Mar-2026 07:06:22 UTC] ROUTER DEBUG: Looking for route:  /
[24-Mar-2026 07:06:22 UTC] ROUTER DEBUG: Route not found in routes array
[24-Mar-2026 07:06:22 UTC] ROUTER DEBUG: No dynamic route found, returning 404
[24-Mar-2026 08:37:37 Europe/Berlin] === INDEX: APS_ROOT = C:\xampp\htdocs\apsdreamhome ===
[24-Mar-2026 08:37:37 Europe/Berlin] === INDEX: Router path = C:\xampp\htdocs\apsdreamhome/routes/router.php ===
[24-Mar-2026 08:37:37 Europe/Berlin] ROUTER FILE: Loading router.php - C:\xampp\htdocs\apsdreamhome\routes\router.php
[24-Mar-2026 08:37:37 Europe/Berlin] === INDEX: Creating router instance ===
[24-Mar-2026 08:37:37 Europe/Berlin] === INDEX: Router created successfully ===
[24-Mar-2026 08:37:37 Europe/Berlin] === INDEX: Including routes/web.php ===
[24-Mar-2026 08:37:37 Europe/Berlin] ROUTER SETUP: Starting route registration
[24-Mar-2026 08:37:37 Europe/Berlin] === INDEX: Routes included successfully ===
[24-Mar-2026 08:37:37 Europe/Berlin] ROUTER DEBUG: Method: GET, URI: /apsdreamhome/senior-developer/unified
[24-Mar-2026 08:37:37 Europe/Berlin] ROUTER DEBUG: Host: localhost, Port: 80
[24-Mar-2026 08:37:37 Europe/Berlin] ROUTER DEBUG: Removed base path - URI now: /senior-developer/unified
[24-Mar-2026 08:37:37 Europe/Berlin] ROUTER DEBUG: Script name: index.php, Script path: /index.php
[24-Mar-2026 08:37:37 Europe/Berlin] ROUTER DEBUG: Before slash processing - URI: /senior-developer/unified
[24-Mar-2026 08:37:37 Europe/Berlin] ROUTER DEBUG: Keeping leading slash for localhost
[24-Mar-2026 08:37:37 Europe/Berlin] ROUTER DEBUG: After all processing - Final URI: /senior-developer/unified
[24-Mar-2026 08:37:37 Europe/Berlin] FINAL ROUTER URI: /senior-developer/unified
[24-Mar-2026 08:37:37 Europe/Berlin] ROUTER DEBUG: Looking for route: GET /senior-developer/unified
[24-Mar-2026 08:37:37 Europe/Berlin] ROUTER DEBUG: Route not found in routes array
[24-Mar-2026 08:37:37 Europe/Berlin] ROUTER DEBUG: Found route without slash: senior-developer/unified
[24-Mar-2026 08:37:37 Europe/Berlin] Loading controller: App\Http\Controllers\AIController from C:\xampp\htdocs\apsdreamhome\routes/../app/Http/Controllers/AIController.php
[24-Mar-2026 08:37:43 Europe/Berlin] Failed to initialize LocalizationService: LocalizationService must be initialized with dependencies first using initialize()
[24-Mar-2026 08:37:46 Europe/Berlin] PHP Fatal error:  Uncaught TypeError: Cannot access offset of type string on string in C:\xampp\htdocs\apsdreamhome\app\views\pages\senior-developer-unified.php:784
Stack trace:
#0 C:\xampp\htdocs\apsdreamhome\app\Http\Controllers\AIController.php(445): include()
#1 C:\xampp\htdocs\apsdreamhome\routes\router.php(239): App\Http\Controllers\AIController->seniorDeveloperUnified()
#2 C:\xampp\htdocs\apsdreamhome\public\index.php(86): Router->dispatch()
#3 {main}
  thrown in C:\xampp\htdocs\apsdreamhome\app\views\pages\senior-developer-unified.php on line 784
[24-Mar-2026 08:40:18 Europe/Berlin] === INDEX: APS_ROOT = C:\xampp\htdocs\apsdreamhome ===
[24-Mar-2026 08:40:18 Europe/Berlin] === INDEX: Router path = C:\xampp\htdocs\apsdreamhome/routes/router.php ===
[24-Mar-2026 08:40:18 Europe/Berlin] ROUTER FILE: Loading router.php - C:\xampp\htdocs\apsdreamhome\routes\router.php
[24-Mar-2026 08:40:18 Europe/Berlin] === INDEX: Creating router instance ===
[24-Mar-2026 08:40:18 Europe/Berlin] === INDEX: Router created successfully ===
[24-Mar-2026 08:40:18 Europe/Berlin] === INDEX: Including routes/web.php ===
[24-Mar-2026 08:40:18 Europe/Berlin] ROUTER SETUP: Starting route registration
[24-Mar-2026 08:40:18 Europe/Berlin] === INDEX: Routes included successfully ===
[24-Mar-2026 08:40:18 Europe/Berlin] ROUTER DEBUG: Method: GET, URI: /apsdreamhome/senior-developer/unified
[24-Mar-2026 08:40:18 Europe/Berlin] ROUTER DEBUG: Host: localhost, Port: 80
[24-Mar-2026 08:40:18 Europe/Berlin] ROUTER DEBUG: Removed base path - URI now: /senior-developer/unified
[24-Mar-2026 08:40:18 Europe/Berlin] ROUTER DEBUG: Script name: index.php, Script path: /index.php
[24-Mar-2026 08:40:18 Europe/Berlin] ROUTER DEBUG: Before slash processing - URI: /senior-developer/unified
[24-Mar-2026 08:40:18 Europe/Berlin] ROUTER DEBUG: Keeping leading slash for localhost
[24-Mar-2026 08:40:18 Europe/Berlin] ROUTER DEBUG: After all processing - Final URI: /senior-developer/unified
[24-Mar-2026 08:40:18 Europe/Berlin] FINAL ROUTER URI: /senior-developer/unified
[24-Mar-2026 08:40:18 Europe/Berlin] ROUTER DEBUG: Looking for route: GET /senior-developer/unified
[24-Mar-2026 08:40:18 Europe/Berlin] ROUTER DEBUG: Route not found in routes array
[24-Mar-2026 08:40:18 Europe/Berlin] ROUTER DEBUG: Found route without slash: senior-developer/unified
[24-Mar-2026 08:40:18 Europe/Berlin] Loading controller: App\Http\Controllers\AIController from C:\xampp\htdocs\apsdreamhome\routes/../app/Http/Controllers/AIController.php
[24-Mar-2026 08:40:18 Europe/Berlin] Failed to initialize LocalizationService: LocalizationService must be initialized with dependencies first using initialize()
[24-Mar-2026 08:40:20 Europe/Berlin] PHP Fatal error:  Uncaught TypeError: Cannot access offset of type string on string in C:\xampp\htdocs\apsdreamhome\app\views\pages\senior-developer-unified.php:784
Stack trace:
#0 C:\xampp\htdocs\apsdreamhome\app\Http\Controllers\AIController.php(445): include()
#1 C:\xampp\htdocs\apsdreamhome\routes\router.php(239): App\Http\Controllers\AIController->seniorDeveloperUnified()
#2 C:\xampp\htdocs\apsdreamhome\public\index.php(86): Router->dispatch()
#3 {main}
  thrown in C:\xampp\htdocs\apsdreamhome\app\views\pages\senior-developer-unified.php on line 784
